<?xml version="1.0" encoding="UTF-8"?>
<!-- Generated by org.testng.reporters.JUnitXMLReporter -->
<testsuite ignored="0" hostname="PF48L498-TPL14" failures="1" tests="3" name="Cucumber" time="6.565" errors="0" timestamp="2025-05-26T14:34:00 WIB">
  <testcase classname="io.cucumber.testng.AbstractTestNGCucumberTests" name="runScenario" time="4.385">
    <failure type="java.lang.AssertionError" message="1 expectation failed.
Response body doesn&amp;apos;t match expectation.
Expected: The content to match the given JSON schema.
error: instance type (array) does not match any allowed primitive type (allowed: [&amp;quot;object&amp;quot;])
    level: &amp;quot;error&amp;quot;
    schema: {&amp;quot;loadingURI&amp;quot;:&amp;quot;file:/D:/BelajarSelenium/Bootcamp%20Selenium%20After%20Office/seleniumproject/target/test-classes/schema_addObject.json#&amp;quot;,&amp;quot;pointer&amp;quot;:&amp;quot;&amp;quot;}
    instance: {&amp;quot;pointer&amp;quot;:&amp;quot;&amp;quot;}
    domain: &amp;quot;validation&amp;quot;
    keyword: &amp;quot;type&amp;quot;
    found: &amp;quot;array&amp;quot;
    expected: [&amp;quot;object&amp;quot;]

  Actual: [{&amp;quot;id&amp;quot;:838,&amp;quot;name&amp;quot;:&amp;quot;PC Gaming&amp;quot;,&amp;quot;data&amp;quot;:{&amp;quot;year&amp;quot;:&amp;quot;2025&amp;quot;,&amp;quot;price&amp;quot;:2549.99,&amp;quot;cpu_model&amp;quot;:&amp;quot;Intel Core i9&amp;quot;,&amp;quot;hard_disk_size&amp;quot;:&amp;quot;1 TB&amp;quot;,&amp;quot;color&amp;quot;:&amp;quot;Black&amp;quot;,&amp;quot;capacity&amp;quot;:&amp;quot;2 cpu&amp;quot;,&amp;quot;screen_size&amp;quot;:&amp;quot;16 Inch&amp;quot;}}]
">
      <![CDATA[java.lang.AssertionError: 1 expectation failed.
Response body doesn't match expectation.
Expected: The content to match the given JSON schema.
error: instance type (array) does not match any allowed primitive type (allowed: ["object"])
    level: "error"
    schema: {"loadingURI":"file:/D:/BelajarSelenium/Bootcamp%20Selenium%20After%20Office/seleniumproject/target/test-classes/schema_addObject.json#","pointer":""}
    instance: {"pointer":""}
    domain: "validation"
    keyword: "type"
    found: "array"
    expected: ["object"]

  Actual: [{"id":838,"name":"PC Gaming","data":{"year":"2025","price":2549.99,"cpu_model":"Intel Core i9","hard_disk_size":"1 TB","color":"Black","capacity":"2 cpu","screen_size":"16 Inch"}}]

at org.codehaus.groovy.runtime.callsite.ConstructorSite$ConstructorSiteNoUnwrapNoCoerce.callConstructor(ConstructorSite.java:108)
at org.codehaus.groovy.runtime.callsite.CallSiteArray.defaultCallConstructor(CallSiteArray.java:57)
at org.codehaus.groovy.runtime.callsite.AbstractCallSite.callConstructor(AbstractCallSite.java:263)
at org.codehaus.groovy.runtime.callsite.AbstractCallSite.callConstructor(AbstractCallSite.java:277)
at io.restassured.internal.ResponseSpecificationImpl$HamcrestAssertionClosure.validate(ResponseSpecificationImpl.groovy:512)
at io.restassured.internal.ResponseSpecificationImpl$HamcrestAssertionClosure$validate$1.call(Unknown Source)
at io.restassured.internal.ResponseSpecificationImpl.validateResponseIfRequired(ResponseSpecificationImpl.groovy:696)
at io.restassured.internal.ResponseSpecificationImpl.this$2$validateResponseIfRequired(ResponseSpecificationImpl.groovy)
at org.codehaus.groovy.runtime.callsite.PlainObjectMetaMethodSite.doInvoke(PlainObjectMetaMethodSite.java:43)
at org.codehaus.groovy.runtime.callsite.PogoMetaMethodSite$PogoCachedMethodSiteNoUnwrapNoCoerce.invoke(PogoMetaMethodSite.java:198)
at org.codehaus.groovy.runtime.callsite.PogoMetaMethodSite.callCurrent(PogoMetaMethodSite.java:62)
at org.codehaus.groovy.runtime.callsite.CallSiteArray.defaultCallCurrent(CallSiteArray.java:49)
at org.codehaus.groovy.runtime.callsite.AbstractCallSite.callCurrent(AbstractCallSite.java:171)
at org.codehaus.groovy.runtime.callsite.AbstractCallSite.callCurrent(AbstractCallSite.java:185)
at io.restassured.internal.ResponseSpecificationImpl.body(ResponseSpecificationImpl.groovy:107)
at io.restassured.internal.ValidatableResponseOptionsImpl.body(ValidatableResponseOptionsImpl.java:238)
at cucumber.definitions.addUser.validateJsonSchema(addUser.java:46)
at âœ½.The response schema should be match with schema "schema_addObject.json"(file:///D:/BelajarSelenium/Bootcamp%20Selenium%20After%20Office/seleniumproject/src/test/resources/features/addObject.feature:32)
... Removed 6 stack frames]]>
    </failure>
  </testcase> <!-- runScenario -->
  <testcase classname="io.cucumber.testng.AbstractTestNGCucumberTests" name="runScenario" time="0.915"/>
  <testcase classname="io.cucumber.testng.AbstractTestNGCucumberTests" name="runScenario" time="0.686"/>
</testsuite> <!-- Cucumber -->
