<?xml version="1.0" encoding="UTF-8"?>
<!-- Generated by org.testng.reporters.JUnitReportReporter -->
<testsuite hostname="PF48L498-TPL14" failures="1" tests="3" name="cucumber.runners.TestRunner" time="5.986" errors="0" timestamp="2025-05-26T14:34:01 WIB" skipped="0">
  <testcase classname="cucumber.runners.TestRunner" name="runScenario" time="0.915"/>
  <testcase classname="cucumber.runners.TestRunner" name="runScenario" time="0.686"/>
  <testcase classname="cucumber.runners.TestRunner" name="runScenario" time="4.385">
    <failure message="1 expectation failed.
Response body doesn&#039;t match expectation.
Expected: The content to match the given JSON schema.
error: instance type (array) does not match any allowed primitive type (allowed: [&quot;object&quot;])
    level: &quot;error&quot;
    schema: {&quot;loadingURI&quot;:&quot;file:/D:/BelajarSelenium/Bootcamp%20Selenium%20After%20Office/seleniumproject/target/test-classes/schema_addObject.json#&quot;,&quot;pointer&quot;:&quot;&quot;}
    instance: {&quot;pointer&quot;:&quot;&quot;}
    domain: &quot;validation&quot;
    keyword: &quot;type&quot;
    found: &quot;array&quot;
    expected: [&quot;object&quot;]

  Actual: [{&quot;id&quot;:838,&quot;name&quot;:&quot;PC Gaming&quot;,&quot;data&quot;:{&quot;year&quot;:&quot;2025&quot;,&quot;price&quot;:2549.99,&quot;cpu_model&quot;:&quot;Intel Core i9&quot;,&quot;hard_disk_size&quot;:&quot;1 TB&quot;,&quot;color&quot;:&quot;Black&quot;,&quot;capacity&quot;:&quot;2 cpu&quot;,&quot;screen_size&quot;:&quot;16 Inch&quot;}}]
" type="java.lang.AssertionError">
      <![CDATA[java.lang.AssertionError: 1 expectation failed.
Response body doesn't match expectation.
Expected: The content to match the given JSON schema.
error: instance type (array) does not match any allowed primitive type (allowed: ["object"])
    level: "error"
    schema: {"loadingURI":"file:/D:/BelajarSelenium/Bootcamp%20Selenium%20After%20Office/seleniumproject/target/test-classes/schema_addObject.json#","pointer":""}
    instance: {"pointer":""}
    domain: "validation"
    keyword: "type"
    found: "array"
    expected: ["object"]

  Actual: [{"id":838,"name":"PC Gaming","data":{"year":"2025","price":2549.99,"cpu_model":"Intel Core i9","hard_disk_size":"1 TB","color":"Black","capacity":"2 cpu","screen_size":"16 Inch"}}]

at java.base/jdk.internal.reflect.DirectConstructorHandleAccessor.newInstance(DirectConstructorHandleAccessor.java:62)
at java.base/java.lang.reflect.Constructor.newInstanceWithCaller(Constructor.java:502)
at java.base/java.lang.reflect.Constructor.newInstance(Constructor.java:486)
at org.codehaus.groovy.reflection.CachedConstructor.invoke(CachedConstructor.java:73)
at org.codehaus.groovy.runtime.callsite.ConstructorSite$ConstructorSiteNoUnwrapNoCoerce.callConstructor(ConstructorSite.java:108)
at org.codehaus.groovy.runtime.callsite.CallSiteArray.defaultCallConstructor(CallSiteArray.java:57)
at org.codehaus.groovy.runtime.callsite.AbstractCallSite.callConstructor(AbstractCallSite.java:263)
at org.codehaus.groovy.runtime.callsite.AbstractCallSite.callConstructor(AbstractCallSite.java:277)
at io.restassured.internal.ResponseSpecificationImpl$HamcrestAssertionClosure.validate(ResponseSpecificationImpl.groovy:512)
at io.restassured.internal.ResponseSpecificationImpl$HamcrestAssertionClosure$validate$1.call(Unknown Source)
at io.restassured.internal.ResponseSpecificationImpl.validateResponseIfRequired(ResponseSpecificationImpl.groovy:696)
at io.restassured.internal.ResponseSpecificationImpl.this$2$validateResponseIfRequired(ResponseSpecificationImpl.groovy)
at java.base/jdk.internal.reflect.DirectMethodHandleAccessor.invoke(DirectMethodHandleAccessor.java:103)
at java.base/java.lang.reflect.Method.invoke(Method.java:580)
at org.codehaus.groovy.runtime.callsite.PlainObjectMetaMethodSite.doInvoke(PlainObjectMetaMethodSite.java:43)
at org.codehaus.groovy.runtime.callsite.PogoMetaMethodSite$PogoCachedMethodSiteNoUnwrapNoCoerce.invoke(PogoMetaMethodSite.java:198)
at org.codehaus.groovy.runtime.callsite.PogoMetaMethodSite.callCurrent(PogoMetaMethodSite.java:62)
at org.codehaus.groovy.runtime.callsite.CallSiteArray.defaultCallCurrent(CallSiteArray.java:49)
at org.codehaus.groovy.runtime.callsite.AbstractCallSite.callCurrent(AbstractCallSite.java:171)
at org.codehaus.groovy.runtime.callsite.AbstractCallSite.callCurrent(AbstractCallSite.java:185)
at io.restassured.internal.ResponseSpecificationImpl.body(ResponseSpecificationImpl.groovy:107)
at io.restassured.internal.ValidatableResponseOptionsImpl.body(ValidatableResponseOptionsImpl.java:238)
at cucumber.definitions.addUser.validateJsonSchema(addUser.java:46)
at âœ½.The response schema should be match with schema "schema_addObject.json"(file:///D:/BelajarSelenium/Bootcamp%20Selenium%20After%20Office/seleniumproject/src/test/resources/features/addObject.feature:32)
]]>
    </failure>
  </testcase> <!-- runScenario -->
</testsuite> <!-- cucumber.runners.TestRunner -->
